#
# There is insufficient memory for the Java Runtime Environment to continue.
# Native memory allocation (malloc) failed to allocate 32744 bytes for ChunkPool::allocate
# Possible reasons:
#   The system is out of physical RAM or swap space
#   The process is running with CompressedOops enabled, and the Java Heap may be blocking the growth of the native heap
# Possible solutions:
#   Reduce memory load on the system
#   Increase physical memory or swap space
#   Check if swap backing store is full
#   Decrease Java heap size (-Xmx/-Xms)
#   Decrease number of Java threads
#   Decrease Java thread stack sizes (-Xss)
#   Set larger code cache with -XX:ReservedCodeCacheSize=
#     placed in the first 32GB address space. The Java Heap base address is the
#     maximum limit for the native heap growth. Please use -XX:HeapBaseMinAddress
#     to set the Java Heap base and to place the Java Heap above 32GB virtual address.
# This output file may be truncated or incomplete.
#
#  Out of Memory Error (allocation.cpp:272), pid=4424, tid=0x000000000000485c
#
# JRE version: Java(TM) SE Runtime Environment (8.0_231-b11) (build 1.8.0_231-b11)
# Java VM: Java HotSpot(TM) 64-Bit Server VM (25.231-b11 mixed mode windows-amd64 compressed oops)
# Failed to write core dump. Minidumps are not enabled by default on client versions of Windows
#

---------------  T H R E A D  ---------------

Current thread (0x000000001e4ff000):  JavaThread "C2 CompilerThread0" daemon [_thread_in_native, id=18524, stack(0x000000001ece0000,0x000000001ede0000)]

Stack: [0x000000001ece0000,0x000000001ede0000]
[error occurred during error reporting (printing stack bounds), id 0xc0000005]

Native frames: (J=compiled Java code, j=interpreted, Vv=VM code, C=native code)


Current CompileTask:
C2:  26919 1734   !   4       util.Util::getCost (92 bytes)


---------------  P R O C E S S  ---------------

Java Threads: ( => current thread )
  0x00000000205c9000 JavaThread "ForkJoinPool-1-worker-0" daemon [_thread_in_native, id=17872, stack(0x0000000020e00000,0x0000000020f00000)]
  0x00000000205c8000 JavaThread "ForkJoinPool-1-worker-1" daemon [_thread_in_native, id=9828, stack(0x0000000020d00000,0x0000000020e00000)]
  0x000000001e5c0000 JavaThread "Service Thread" daemon [_thread_blocked, id=4656, stack(0x000000001f0e0000,0x000000001f1e0000)]
  0x000000001e51a800 JavaThread "C1 CompilerThread3" daemon [_thread_blocked, id=9824, stack(0x000000001efe0000,0x000000001f0e0000)]
  0x000000001e519800 JavaThread "C2 CompilerThread2" daemon [_thread_in_native, id=12916, stack(0x000000001eee0000,0x000000001efe0000)]
  0x000000001e507000 JavaThread "C2 CompilerThread1" daemon [_thread_blocked, id=7628, stack(0x000000001ede0000,0x000000001eee0000)]
=>0x000000001e4ff000 JavaThread "C2 CompilerThread0" daemon [_thread_in_native, id=18524, stack(0x000000001ece0000,0x000000001ede0000)]
  0x000000001e4fd000 JavaThread "Attach Listener" daemon [_thread_blocked, id=5232, stack(0x000000001ebe0000,0x000000001ece0000)]
  0x000000001e4fc000 JavaThread "Signal Dispatcher" daemon [_thread_blocked, id=17812, stack(0x000000001eae0000,0x000000001ebe0000)]
  0x0000000002bdd800 JavaThread "Finalizer" daemon [_thread_blocked, id=14728, stack(0x000000001e8d0000,0x000000001e9d0000)]
  0x0000000002bdc000 JavaThread "Reference Handler" daemon [_thread_blocked, id=7780, stack(0x000000001e3d0000,0x000000001e4d0000)]
  0x0000000002ae5800 JavaThread "main" [_thread_blocked, id=15904, stack(0x00000000029e0000,0x0000000002ae0000)]

Other Threads:
  0x000000001c5ea000 VMThread [stack: 0x000000001e2d0000,0x000000001e3d0000] [id=6712]
  0x000000001e5d2800 WatcherThread [stack: 0x000000001f1e0000,0x000000001f2e0000] [id=8952]

VM state:not at safepoint (normal execution)

VM Mutex/Monitor currently owned by a thread: None

heap address: 0x00000006c2400000, size: 4060 MB, Compressed Oops mode: Zero based, Oop shift amount: 3
Narrow klass base: 0x0000000000000000, Narrow klass shift: 3
Compressed class space size: 1073741824 Address: 0x00000007c0000000

Heap:
 PSYoungGen      total 70656K, used 61899K [0x000000076b700000, 0x0000000774200000, 0x00000007c0000000)
  eden space 65024K, 90% used [0x000000076b700000,0x000000076f0c2fd8,0x000000076f680000)
  from space 5632K, 48% used [0x000000076f680000,0x000000076f930000,0x000000076fc00000)
  to   space 6144K, 0% used [0x0000000773c00000,0x0000000773c00000,0x0000000774200000)
 ParOldGen       total 173568K, used 3010K [0x00000006c2400000, 0x00000006ccd80000, 0x000000076b700000)
  object space 173568K, 1% used [0x00000006c2400000,0x00000006c26f0b38,0x00000006ccd80000)
 Metaspace       used 11718K, capacity 12070K, committed 12288K, reserved 1060864K
  class space    used 1403K, capacity 1499K, committed 1536K, reserved 1048576K

Card table byte_map: [0x0000000011fa0000,0x0000000012790000] byte_map_base: 0x000000000e98e000

Marking Bits: (ParMarkBitMap*) 0x0000000071516d90
 Begin Bits: [0x00000000134e0000, 0x0000000017450000)
 End Bits:   [0x0000000017450000, 0x000000001b3c0000)

Polling page: 0x0000000001060000

CodeCache: size=245760Kb used=5772Kb max_used=5796Kb free=239987Kb
 bounds [0x0000000002be0000, 0x00000000031a0000, 0x0000000011be0000]
 total_blobs=2216 nmethods=1733 adapters=394
 compilation: enabled

Compilation events (10 events):
Event: 19.801 Thread 0x000000001e519800 nmethod 1729 0x000000000311ffd0 code [0x0000000003120160, 0x0000000003120428]
Event: 20.038 Thread 0x000000001e507000 1730       4       java.util.HashSet::iterator (13 bytes)
Event: 20.043 Thread 0x000000001e507000 nmethod 1730 0x0000000003161950 code [0x0000000003161ac0, 0x0000000003161cd8]
Event: 20.555 Thread 0x000000001e4ff000 1731       4       util.ReWrite$$Lambda$50/1488320665::test (8 bytes)
Event: 20.561 Thread 0x000000001e4ff000 nmethod 1731 0x000000000311fcd0 code [0x000000000311fe20, 0x000000000311fed8]
Event: 21.367 Thread 0x000000001e519800 1732       4       java.lang.AbstractStringBuilder::append (54 bytes)
Event: 21.468 Thread 0x000000001e519800 nmethod 1732 0x0000000003178b50 code [0x0000000003178ce0, 0x00000000031798d8]
Event: 22.111 Thread 0x000000001e507000 1733       4       java.lang.AbstractStringBuilder::append (62 bytes)
Event: 22.123 Thread 0x000000001e507000 nmethod 1733 0x00000000031678d0 code [0x0000000003167a40, 0x0000000003168298]
Event: 26.561 Thread 0x000000001e4ff000 1734   !   4       util.Util::getCost (92 bytes)

GC Heap History (10 events):
Event: 6.626 GC heap before
{Heap before GC invocations=3 (full 0):
 PSYoungGen      total 75776K, used 68464K [0x000000076b700000, 0x0000000770b80000, 0x00000007c0000000)
  eden space 65024K, 100% used [0x000000076b700000,0x000000076f680000,0x000000076f680000)
  from space 10752K, 31% used [0x0000000770100000,0x000000077045c040,0x0000000770b80000)
  to   space 10752K, 0% used [0x000000076f680000,0x000000076f680000,0x0000000770100000)
 ParOldGen       total 173568K, used 96K [0x00000006c2400000, 0x00000006ccd80000, 0x000000076b700000)
  object space 173568K, 0% used [0x00000006c2400000,0x00000006c2418010,0x00000006ccd80000)
 Metaspace       used 11716K, capacity 12070K, committed 12288K, reserved 1060864K
  class space    used 1402K, capacity 1499K, committed 1536K, reserved 1048576K
Event: 6.643 GC heap after
Heap after GC invocations=3 (full 0):
 PSYoungGen      total 75776K, used 3872K [0x000000076b700000, 0x0000000770b80000, 0x00000007c0000000)
  eden space 65024K, 0% used [0x000000076b700000,0x000000076b700000,0x000000076f680000)
  from space 10752K, 36% used [0x000000076f680000,0x000000076fa48050,0x0000000770100000)
  to   space 10752K, 0% used [0x0000000770100000,0x0000000770100000,0x0000000770b80000)
 ParOldGen       total 173568K, used 104K [0x00000006c2400000, 0x00000006ccd80000, 0x000000076b700000)
  object space 173568K, 0% used [0x00000006c2400000,0x00000006c241a010,0x00000006ccd80000)
 Metaspace       used 11716K, capacity 12070K, committed 12288K, reserved 1060864K
  class space    used 1402K, capacity 1499K, committed 1536K, reserved 1048576K
}
Event: 8.672 GC heap before
{Heap before GC invocations=4 (full 0):
 PSYoungGen      total 75776K, used 68896K [0x000000076b700000, 0x0000000770b80000, 0x00000007c0000000)
  eden space 65024K, 100% used [0x000000076b700000,0x000000076f680000,0x000000076f680000)
  from space 10752K, 36% used [0x000000076f680000,0x000000076fa48050,0x0000000770100000)
  to   space 10752K, 0% used [0x0000000770100000,0x0000000770100000,0x0000000770b80000)
 ParOldGen       total 173568K, used 104K [0x00000006c2400000, 0x00000006ccd80000, 0x000000076b700000)
  object space 173568K, 0% used [0x00000006c2400000,0x00000006c241a010,0x00000006ccd80000)
 Metaspace       used 11716K, capacity 12070K, committed 12288K, reserved 1060864K
  class space    used 1402K, capacity 1499K, committed 1536K, reserved 1048576K
Event: 8.692 GC heap after
Heap after GC invocations=4 (full 0):
 PSYoungGen      total 75776K, used 4320K [0x000000076b700000, 0x0000000770b80000, 0x00000007c0000000)
  eden space 65024K, 0% used [0x000000076b700000,0x000000076b700000,0x000000076f680000)
  from space 10752K, 40% used [0x0000000770100000,0x0000000770538050,0x0000000770b80000)
  to   space 10752K, 0% used [0x000000076f680000,0x000000076f680000,0x0000000770100000)
 ParOldGen       total 173568K, used 112K [0x00000006c2400000, 0x00000006ccd80000, 0x000000076b700000)
  object space 173568K, 0% used [0x00000006c2400000,0x00000006c241c010,0x00000006ccd80000)
 Metaspace       used 11716K, capacity 12070K, committed 12288K, reserved 1060864K
  class space    used 1402K, capacity 1499K, committed 1536K, reserved 1048576K
}
Event: 12.051 GC heap before
{Heap before GC invocations=5 (full 0):
 PSYoungGen      total 75776K, used 69344K [0x000000076b700000, 0x0000000770b80000, 0x00000007c0000000)
  eden space 65024K, 100% used [0x000000076b700000,0x000000076f680000,0x000000076f680000)
  from space 10752K, 40% used [0x0000000770100000,0x0000000770538050,0x0000000770b80000)
  to   space 10752K, 0% used [0x000000076f680000,0x000000076f680000,0x0000000770100000)
 ParOldGen       total 173568K, used 112K [0x00000006c2400000, 0x00000006ccd80000, 0x000000076b700000)
  object space 173568K, 0% used [0x00000006c2400000,0x00000006c241c010,0x00000006ccd80000)
 Metaspace       used 11716K, capacity 12070K, committed 12288K, reserved 1060864K
  class space    used 1402K, capacity 1499K, committed 1536K, reserved 1048576K
Event: 12.069 GC heap after
Heap after GC invocations=5 (full 0):
 PSYoungGen      total 68608K, used 4672K [0x000000076b700000, 0x0000000770180000, 0x00000007c0000000)
  eden space 63488K, 0% used [0x000000076b700000,0x000000076b700000,0x000000076f500000)
  from space 5120K, 91% used [0x000000076f680000,0x000000076fb10030,0x000000076fb80000)
  to   space 5632K, 0% used [0x000000076fc00000,0x000000076fc00000,0x0000000770180000)
 ParOldGen       total 173568K, used 120K [0x00000006c2400000, 0x00000006ccd80000, 0x000000076b700000)
  object space 173568K, 0% used [0x00000006c2400000,0x00000006c241e010,0x00000006ccd80000)
 Metaspace       used 11716K, capacity 12070K, committed 12288K, reserved 1060864K
  class space    used 1402K, capacity 1499K, committed 1536K, reserved 1048576K
}
Event: 14.106 GC heap before
{Heap before GC invocations=6 (full 0):
 PSYoungGen      total 68608K, used 68160K [0x000000076b700000, 0x0000000770180000, 0x00000007c0000000)
  eden space 63488K, 100% used [0x000000076b700000,0x000000076f500000,0x000000076f500000)
  from space 5120K, 91% used [0x000000076f680000,0x000000076fb10030,0x000000076fb80000)
  to   space 5632K, 0% used [0x000000076fc00000,0x000000076fc00000,0x0000000770180000)
 ParOldGen       total 173568K, used 120K [0x00000006c2400000, 0x00000006ccd80000, 0x000000076b700000)
  object space 173568K, 0% used [0x00000006c2400000,0x00000006c241e010,0x00000006ccd80000)
 Metaspace       used 11716K, capacity 12070K, committed 12288K, reserved 1060864K
  class space    used 1402K, capacity 1499K, committed 1536K, reserved 1048576K
Event: 14.512 GC heap after
Heap after GC invocations=6 (full 0):
 PSYoungGen      total 70656K, used 5056K [0x000000076b700000, 0x0000000773e00000, 0x00000007c0000000)
  eden space 65024K, 0% used [0x000000076b700000,0x000000076b700000,0x000000076f680000)
  from space 5632K, 89% used [0x000000076fc00000,0x00000007700f0030,0x0000000770180000)
  to   space 5632K, 0% used [0x000000076f680000,0x000000076f680000,0x000000076fc00000)
 ParOldGen       total 173568K, used 128K [0x00000006c2400000, 0x00000006ccd80000, 0x000000076b700000)
  object space 173568K, 0% used [0x00000006c2400000,0x00000006c2420010,0x00000006ccd80000)
 Metaspace       used 11716K, capacity 12070K, committed 12288K, reserved 1060864K
  class space    used 1402K, capacity 1499K, committed 1536K, reserved 1048576K
}
Event: 18.832 GC heap before
{Heap before GC invocations=7 (full 0):
 PSYoungGen      total 70656K, used 70080K [0x000000076b700000, 0x0000000773e00000, 0x00000007c0000000)
  eden space 65024K, 100% used [0x000000076b700000,0x000000076f680000,0x000000076f680000)
  from space 5632K, 89% used [0x000000076fc00000,0x00000007700f0030,0x0000000770180000)
  to   space 5632K, 0% used [0x000000076f680000,0x000000076f680000,0x000000076fc00000)
 ParOldGen       total 173568K, used 128K [0x00000006c2400000, 0x00000006ccd80000, 0x000000076b700000)
  object space 173568K, 0% used [0x00000006c2400000,0x00000006c2420010,0x00000006ccd80000)
 Metaspace       used 11716K, capacity 12070K, committed 12288K, reserved 1060864K
  class space    used 1402K, capacity 1499K, committed 1536K, reserved 1048576K
Event: 18.938 GC heap after
Heap after GC invocations=7 (full 0):
 PSYoungGen      total 70656K, used 2752K [0x000000076b700000, 0x0000000774200000, 0x00000007c0000000)
  eden space 65024K, 0% used [0x000000076b700000,0x000000076b700000,0x000000076f680000)
  from space 5632K, 48% used [0x000000076f680000,0x000000076f930000,0x000000076fc00000)
  to   space 6144K, 0% used [0x0000000773c00000,0x0000000773c00000,0x0000000774200000)
 ParOldGen       total 173568K, used 3010K [0x00000006c2400000, 0x00000006ccd80000, 0x000000076b700000)
  object space 173568K, 1% used [0x00000006c2400000,0x00000006c26f0b38,0x00000006ccd80000)
 Metaspace       used 11716K, capacity 12070K, committed 12288K, reserved 1060864K
  class space    used 1402K, capacity 1499K, committed 1536K, reserved 1048576K
}

Deoptimization events (10 events):
Event: 3.185 Thread 0x00000000205c9000 Uncommon trap: reason=class_check action=maybe_recompile pc=0x000000000309b850 method=java.util.stream.Sink$ChainedReference.<init>(Ljava/util/stream/Sink;)V @ 9
Event: 3.193 Thread 0x00000000205c8000 Uncommon trap: reason=class_check action=maybe_recompile pc=0x000000000309b850 method=java.util.stream.Sink$ChainedReference.<init>(Ljava/util/stream/Sink;)V @ 9
Event: 3.202 Thread 0x00000000205c9000 Uncommon trap: reason=class_check action=maybe_recompile pc=0x000000000309b850 method=java.util.stream.Sink$ChainedReference.<init>(Ljava/util/stream/Sink;)V @ 9
Event: 10.771 Thread 0x00000000205c9000 Uncommon trap: reason=unstable_if action=reinterpret pc=0x00000000031480b8 method=java.util.LinkedHashMap.keySet()Ljava/util/Set; @ 6
Event: 10.808 Thread 0x00000000205c8000 Uncommon trap: reason=unstable_if action=reinterpret pc=0x00000000031228c4 method=java.util.LinkedHashMap.keySet()Ljava/util/Set; @ 6
Event: 23.618 Thread 0x00000000205c8000 Uncommon trap: reason=class_check action=maybe_recompile pc=0x000000000314e078 method=util.Util.getCost(Ltree/model/SkeletonPatt;I)D @ 71
Event: 23.618 Thread 0x00000000205c9000 Uncommon trap: reason=class_check action=maybe_recompile pc=0x000000000314e078 method=util.Util.getCost(Ltree/model/SkeletonPatt;I)D @ 71
Event: 23.633 Thread 0x00000000205c9000 Uncommon trap: reason=class_check action=maybe_recompile pc=0x000000000314e078 method=util.Util.getCost(Ltree/model/SkeletonPatt;I)D @ 71
Event: 23.636 Thread 0x00000000205c8000 Uncommon trap: reason=class_check action=maybe_recompile pc=0x000000000314e078 method=util.Util.getCost(Ltree/model/SkeletonPatt;I)D @ 71
Event: 26.524 Thread 0x00000000205c9000 Uncommon trap: reason=class_check action=maybe_recompile pc=0x000000000314e078 method=util.Util.getCost(Ltree/model/SkeletonPatt;I)D @ 71

Classes redefined (0 events):
No events

Internal exceptions (10 events):
Event: 26.573 Thread 0x00000000205c8000 Exception <a 'ilog/concert/IloMemoryException': not enough memory> (0x000000076efd4490) thrown at [C:\re\workspace\8-2-build-windows-amd64-cygwin\jdk8u231\13620\hotspot\src\share\vm\prims\jni.cpp, line 736]
Event: 26.573 Thread 0x00000000205c9000 Exception <a 'ilog/concert/IloMemoryException': not enough memory> (0x000000076f028130) thrown at [C:\re\workspace\8-2-build-windows-amd64-cygwin\jdk8u231\13620\hotspot\src\share\vm\prims\jni.cpp, line 736]
Event: 26.573 Thread 0x00000000205c8000 Exception <a 'ilog/concert/IloMemoryException': not enough memory> (0x000000076efd57f0) thrown at [C:\re\workspace\8-2-build-windows-amd64-cygwin\jdk8u231\13620\hotspot\src\share\vm\prims\jni.cpp, line 736]
Event: 26.586 Thread 0x00000000205c9000 Exception <a 'ilog/concert/IloException': Parameter (Workers) value (0) out of range.> (0x000000076f02f398) thrown at [C:\re\workspace\8-2-build-windows-amd64-cygwin\jdk8u231\13620\hotspot\src\share\vm\prims\jni.cpp, line 736]
Event: 26.588 Thread 0x00000000205c8000 Exception <a 'ilog/concert/IloMemoryException': not enough memory> (0x000000076efdcb30) thrown at [C:\re\workspace\8-2-build-windows-amd64-cygwin\jdk8u231\13620\hotspot\src\share\vm\prims\jni.cpp, line 736]
Event: 26.680 Thread 0x00000000205c9000 Exception <a 'ilog/concert/IloMemoryException': not enough memory> (0x000000076f036398) thrown at [C:\re\workspace\8-2-build-windows-amd64-cygwin\jdk8u231\13620\hotspot\src\share\vm\prims\jni.cpp, line 736]
Event: 26.695 Thread 0x00000000205c9000 Exception <a 'ilog/concert/IloMemoryException': not enough memory> (0x000000076f037070) thrown at [C:\re\workspace\8-2-build-windows-amd64-cygwin\jdk8u231\13620\hotspot\src\share\vm\prims\jni.cpp, line 736]
Event: 26.696 Thread 0x00000000205c8000 Exception <a 'ilog/concert/IloMemoryException': not enough memory> (0x000000076efecb80) thrown at [C:\re\workspace\8-2-build-windows-amd64-cygwin\jdk8u231\13620\hotspot\src\share\vm\prims\jni.cpp, line 736]
Event: 26.697 Thread 0x00000000205c8000 Exception <a 'ilog/concert/IloMemoryException': not enough memory> (0x000000076efedad0) thrown at [C:\re\workspace\8-2-build-windows-amd64-cygwin\jdk8u231\13620\hotspot\src\share\vm\prims\jni.cpp, line 736]
Event: 26.697 Thread 0x00000000205c9000 Exception <a 'ilog/concert/IloMemoryException': not enough memory> (0x000000076f03e0d8) thrown at [C:\re\workspace\8-2-build-windows-amd64-cygwin\jdk8u231\13620\hotspot\src\share\vm\prims\jni.cpp, line 736]

Events (10 events):
Event: 23.629 Thread 0x00000000205c8000 DEOPT UNPACKING pc=0x0000000002c2583b sp=0x0000000020dff0d8 mode 2
Event: 23.633 Thread 0x00000000205c9000 Uncommon trap: trap_request=0xffffffde fr.pc=0x000000000314e078
Event: 23.633 Thread 0x00000000205c9000 DEOPT PACKING pc=0x000000000314e078 sp=0x0000000020efedb0
Event: 23.633 Thread 0x00000000205c9000 DEOPT UNPACKING pc=0x0000000002c2583b sp=0x0000000020efedf8 mode 2
Event: 23.636 Thread 0x00000000205c8000 Uncommon trap: trap_request=0xffffffde fr.pc=0x000000000314e078
Event: 23.636 Thread 0x00000000205c8000 DEOPT PACKING pc=0x000000000314e078 sp=0x0000000020dff090
Event: 23.636 Thread 0x00000000205c8000 DEOPT UNPACKING pc=0x0000000002c2583b sp=0x0000000020dff0d8 mode 2
Event: 26.524 Thread 0x00000000205c9000 Uncommon trap: trap_request=0xffffffde fr.pc=0x000000000314e078
Event: 26.524 Thread 0x00000000205c9000 DEOPT PACKING pc=0x000000000314e078 sp=0x0000000020efedb0
Event: 26.524 Thread 0x00000000205c9000 DEOPT UNPACKING pc=0x0000000002c2583b sp=0x0000000020efedf8 mode 2


Dynamic libraries:
0x00007ff748bf0000 - 0x00007ff748c27000 	C:\Program Files\Java\jre1.8.0_231\bin\javaw.exe
0x00007ffa13240000 - 0x00007ffa13430000 	C:\WINDOWS\SYSTEM32\ntdll.dll
0x00007ffa11de0000 - 0x00007ffa11e92000 	C:\WINDOWS\System32\KERNEL32.DLL
0x00007ffa10bd0000 - 0x00007ffa10e74000 	C:\WINDOWS\System32\KERNELBASE.dll
0x00007ffa126f0000 - 0x00007ffa12793000 	C:\WINDOWS\System32\ADVAPI32.dll
0x00007ffa122c0000 - 0x00007ffa1235e000 	C:\WINDOWS\System32\msvcrt.dll
0x00007ffa12420000 - 0x00007ffa124b7000 	C:\WINDOWS\System32\sechost.dll
0x00007ffa11ea0000 - 0x00007ffa11fc0000 	C:\WINDOWS\System32\RPCRT4.dll
0x00007ffa120b0000 - 0x00007ffa12244000 	C:\WINDOWS\System32\USER32.dll
0x00007ffa10a00000 - 0x00007ffa10a21000 	C:\WINDOWS\System32\win32u.dll
0x00007ffa11fc0000 - 0x00007ffa11fe6000 	C:\WINDOWS\System32\GDI32.dll
0x00007ffa11000000 - 0x00007ffa11195000 	C:\WINDOWS\System32\gdi32full.dll
0x00007ffa10e80000 - 0x00007ffa10f1e000 	C:\WINDOWS\System32\msvcp_win.dll
0x00007ffa111a0000 - 0x00007ffa1129a000 	C:\WINDOWS\System32\ucrtbase.dll
0x00007ffa0f610000 - 0x00007ffa0f894000 	C:\WINDOWS\WinSxS\amd64_microsoft.windows.common-controls_6595b64144ccf1df_6.0.18362.900_none_e6beb9d913147d17\COMCTL32.dll
0x00007ffa127a0000 - 0x00007ffa12ad5000 	C:\WINDOWS\System32\combase.dll
0x00007ffa10f20000 - 0x00007ffa10fa0000 	C:\WINDOWS\System32\bcryptPrimitives.dll
0x00007ffa131c0000 - 0x00007ffa131ee000 	C:\WINDOWS\System32\IMM32.DLL
0x0000000070c10000 - 0x0000000070ce2000 	C:\Program Files\Java\jre1.8.0_231\bin\msvcr100.dll
0x0000000070cf0000 - 0x0000000071596000 	C:\Program Files\Java\jre1.8.0_231\bin\server\jvm.dll
0x00007ffa112f0000 - 0x00007ffa112f8000 	C:\WINDOWS\System32\PSAPI.DLL
0x00007ffa0ab20000 - 0x00007ffa0ab2a000 	C:\WINDOWS\SYSTEM32\VERSION.dll
0x00007ff9e9f90000 - 0x00007ff9e9f99000 	C:\WINDOWS\SYSTEM32\WSOCK32.dll
0x00007ffa0e1a0000 - 0x00007ffa0e1c4000 	C:\WINDOWS\SYSTEM32\WINMM.dll
0x00007ffa12250000 - 0x00007ffa122bf000 	C:\WINDOWS\System32\WS2_32.dll
0x00007ffa0e170000 - 0x00007ffa0e19d000 	C:\WINDOWS\SYSTEM32\winmmbase.dll
0x00007ffa112a0000 - 0x00007ffa112ea000 	C:\WINDOWS\System32\cfgmgr32.dll
0x00007ff9e0950000 - 0x00007ff9e095f000 	C:\Program Files\Java\jre1.8.0_231\bin\verify.dll
0x00007ff9d7770000 - 0x00007ff9d7799000 	C:\Program Files\Java\jre1.8.0_231\bin\java.dll
0x00007ff9d58a0000 - 0x00007ff9d58b6000 	C:\Program Files\Java\jre1.8.0_231\bin\zip.dll
0x00007ffa11300000 - 0x00007ffa119e6000 	C:\WINDOWS\System32\SHELL32.dll
0x00007ffa12000000 - 0x00007ffa120a9000 	C:\WINDOWS\System32\shcore.dll
0x00007ffa10280000 - 0x00007ffa10a00000 	C:\WINDOWS\System32\windows.storage.dll
0x00007ffa10130000 - 0x00007ffa10153000 	C:\WINDOWS\System32\profapi.dll
0x00007ffa10180000 - 0x00007ffa101ca000 	C:\WINDOWS\System32\powrprof.dll
0x00007ffa10100000 - 0x00007ffa10110000 	C:\WINDOWS\System32\UMPDC.dll
0x00007ffa123c0000 - 0x00007ffa12412000 	C:\WINDOWS\System32\shlwapi.dll
0x00007ffa10110000 - 0x00007ffa10121000 	C:\WINDOWS\System32\kernel.appcore.dll
0x00007ffa10b80000 - 0x00007ffa10b97000 	C:\WINDOWS\System32\cryptsp.dll
0x00007ff9ca620000 - 0x00007ff9ca63a000 	C:\Program Files\Java\jre1.8.0_231\bin\net.dll
0x00007ffa0f2b0000 - 0x00007ffa0f317000 	C:\WINDOWS\system32\mswsock.dll
0x00007ff9ca600000 - 0x00007ff9ca612000 	C:\Program Files\Java\jre1.8.0_231\bin\nio.dll
0x00007ff9b2810000 - 0x00007ff9b4053000 	C:\Program Files\IBM\ILOG\CPLEX_Studio_Community129\cpoptimizer\bin\x64_win64\cp_wrap_cpp_java1290.dll
0x00007ffa03280000 - 0x00007ffa03295000 	C:\Program Files\Java\jre1.8.0_231\bin\VCRUNTIME140.dll
0x00007ff9ef310000 - 0x00007ff9ef3ab000 	C:\Program Files\Java\jre1.8.0_231\bin\MSVCP140.dll
0x00007ff9a5a30000 - 0x00007ff9a7810000 	C:\Program Files\IBM\ILOG\CPLEX_Studio_Community129\cplex\bin\x64_win64\cplex1290.dll

VM Arguments:
jvm_args: -Dfile.encoding=UTF-8 
java_command: starter.AppStarter C:/Users/me/Desktop/out/input/in1.txt C:/Users/me/Desktop/out/ 3000 2400 64 1 2 1
java_class_path (initial): C:\Users\me\.m2\repository\org\antlr\antlr4-runtime\4.7\antlr4-runtime-4.7.jar;C:\Users\me\.m2\repository\org\antlr\antlr4-maven-plugin\4.7\antlr4-maven-plugin-4.7.jar;C:\Users\me\.m2\repository\org\apache\maven\maven-plugin-api\3.0.5\maven-plugin-api-3.0.5.jar;C:\Users\me\.m2\repository\org\apache\maven\maven-model\3.0.5\maven-model-3.0.5.jar;C:\Users\me\.m2\repository\org\codehaus\plexus\plexus-utils\3.0.8\plexus-utils-3.0.8.jar;C:\Users\me\.m2\repository\org\apache\maven\maven-artifact\3.0.5\maven-artifact-3.0.5.jar;C:\Users\me\.m2\repository\org\sonatype\sisu\sisu-inject-plexus\2.3.0\sisu-inject-plexus-2.3.0.jar;C:\Users\me\.m2\repository\org\codehaus\plexus\plexus-component-annotations\1.5.5\plexus-component-annotations-1.5.5.jar;C:\Users\me\.m2\repository\org\codehaus\plexus\plexus-classworlds\2.4\plexus-classworlds-2.4.jar;C:\Users\me\.m2\repository\org\sonatype\sisu\sisu-inject-bean\2.3.0\sisu-inject-bean-2.3.0.jar;C:\Users\me\.m2\repository\org\sonatype\sisu\sisu-guice\3.1.0\sisu-guice-3.1.0-no_aop.jar;C:\Users\me\.m2\repository\org\sonatype\sisu\sisu-guava\0.9.9\sisu-guava-0.9.9.jar;C:\Users\me\.m2\repository\org\codehaus\plexus\plexus-compiler-api\2.2\plexus-compiler-api-2.2.jar;C:\Users\me\.m2\repository\org\sonatype\plexus\plexus-build-api\0.0.7\plexus-build-api-0.0.7.jar;C:\Users\me\.m2\repository\org\antlr\antlr4\4.7\antlr4-4.7.jar;C:\Users\me\.m2\repository\org\antlr\antlr-runtime\3.5.2\antlr-runtime-3.5.2.jar;C:\Users\me\.m2\repository\org\antlr\ST4\4.0.8\ST4-4.0.8.jar;C:\Users\me\.m2\repository\org\abego\treelayout\org.abego.treelayout.core\1.0.3\org.abego.treelayout.core-1.0.3.jar;C:\Users\me\.m2\repository\org\glassfish\javax.json\1.0.4\javax.json-1.0.4.jar;C:\Users\me\.m2\repository\com\ibm\icu\icu4j\58.2\icu4j-58.2.jar;C:\Users\me\.m2\repository\org\apache\maven\maven-project\2.2.1\maven-project-2.2.1.jar;C:\Users\me\.m2\repository\org\apache\maven\maven-settings\2.2.1\maven-settings-2.2.1.jar;C:\Users\me\.m2\reposi
Launcher Type: SUN_STANDARD

Environment Variables:
JAVA_HOME=C:\Program Files\Java\jdk1.8.0_231
CLASSPATH=C:\Program Files\Java\jdk1.8.0_231\bin;C:\antlr\antlr-4.7.2-complete.jar;
PATH=C:/Program Files/Java/jre1.8.0_231/bin/server;C:/Program Files/Java/jre1.8.0_231/bin;C:/Program Files/Java/jre1.8.0_231/lib/amd64;C:\Program Files (x86)\Common Files\Oracle\Java\javapath;C:\Program Files\IBM\ILOG\CPLEX_Studio_Community129\cplex\bin\x64_win64;C:\Program Files\IBM\ILOG\CPLEX_Studio_Community129\cpoptimizer\bin\x64_win64;C:\Program Files\IBM\ILOG\CPLEX_Studio_Community129\cpoptimizer\lib\x64_windows_vs2017;;C:\Windows\system32;C:\Windows;C:\Windows\System32\Wbem;C:\Windows\System32\WindowsPowerShell\v1.0\;C:\Windows\System32\OpenSSH\;C:\Program Files (x86)\NVIDIA Corporation\PhysX\Common;C:\Program Files\Intel\WiFi\bin\;C:\Program Files\Common Files\Intel\WirelessCommon\;C:\Program Files\Java\jdk1.8.0_231\bin;C:\antlr;C:\Users\me\apache-maven-3.6.1\bin;C:\Users\me\Documents\jooby-cli-2.1.0\bin;C:\WINDOWS\system32;C:\WINDOWS;C:\WINDOWS\System32\Wbem;C:\WINDOWS\System32\WindowsPowerShell\v1.0\;C:\WINDOWS\System32\OpenSSH\;C:\Program Files\MongoDB\Server\4.2\bin;C:\Program Files\Git\cmd;C:\spark-2.4.4-bin-hadoop2.7\bin;C:\cmder;C:\Users\me\AppData\Local\Microsoft\WindowsApps;C:\Users\me\AppData\Local\Programs\MiKTeX 2.9\miktex\bin\x64\;C:\Users\me\AppData\Local\GitHubDesktop\bin;C:\WINDOWS\system32;
USERNAME=me
OS=Windows_NT
PROCESSOR_IDENTIFIER=Intel64 Family 6 Model 142 Stepping 11, GenuineIntel



---------------  S Y S T E M  ---------------

OS: Windows 10.0 , 64 bit Build 18362 (10.0.18362.900)

CPU:total 8 (initial active 8) (4 cores per cpu, 2 threads per core) family 6 model 142 stepping 11, cmov, cx8, fxsr, mmx, sse, sse2, sse3, ssse3, sse4.1, sse4.2, popcnt, avx, avx2, aes, clmul, erms, 3dnowpref, lzcnt, ht, tsc, tscinvbit, bmi1, bmi2, adx

Memory: 4k page, physical 16625020k(1030968k free), swap 35066916k(0k free)

vm_info: Java HotSpot(TM) 64-Bit Server VM (25.231-b11) for windows-amd64 JRE (1.8.0_231-b11), built on Oct  5 2019 03:11:30 by "java_re" with MS VC++ 10.0 (VS2010)

time: Tue Jun 16 20:52:56 2020
timezone: W. Europe Summer Time
elapsed time: 26 seconds (0d 0h 0m 26s)

